Determining if the pthread_create exist failed with the following output:
Change Dir: /home/pi/Documents/ros_ws/build/CMakeFiles/CMakeTmp

Run Build Command:"/usr/bin/make" "cmTC_913b1/fast"
/usr/bin/make -f CMakeFiles/cmTC_913b1.dir/build.make CMakeFiles/cmTC_913b1.dir/build
make[1] : on entre dans le répertoire « /home/pi/Documents/ros_ws/build/CMakeFiles/CMakeTmp »
Building C object CMakeFiles/cmTC_913b1.dir/CheckSymbolExists.c.o
/usr/bin/cc     -o CMakeFiles/cmTC_913b1.dir/CheckSymbolExists.c.o   -c /home/pi/Documents/ros_ws/build/CMakeFiles/CMakeTmp/CheckSymbolExists.c
Linking C executable cmTC_913b1
/usr/bin/cmake -E cmake_link_script CMakeFiles/cmTC_913b1.dir/link.txt --verbose=1
/usr/bin/cc       CMakeFiles/cmTC_913b1.dir/CheckSymbolExists.c.o  -o cmTC_913b1 -rdynamic 
CMakeFiles/cmTC_913b1.dir/CheckSymbolExists.c.o : Dans la fonction « main » :
CheckSymbolExists.c:(.text+0x38) : référence indéfinie vers « pthread_create »
collect2: error: ld returned 1 exit status
CMakeFiles/cmTC_913b1.dir/build.make:97 : la recette pour la cible « cmTC_913b1 » a échouée
make[1]: *** [cmTC_913b1] Erreur 1
make[1] : on quitte le répertoire « /home/pi/Documents/ros_ws/build/CMakeFiles/CMakeTmp »
Makefile:126 : la recette pour la cible « cmTC_913b1/fast » a échouée
make: *** [cmTC_913b1/fast] Erreur 2

File /home/pi/Documents/ros_ws/build/CMakeFiles/CMakeTmp/CheckSymbolExists.c:
/* */
#include <pthread.h>

int main(int argc, char** argv)
{
  (void)argv;
#ifndef pthread_create
  return ((int*)(&pthread_create))[argc];
#else
  (void)argc;
  return 0;
#endif
}

Determining if the function pthread_create exists in the pthreads failed with the following output:
Change Dir: /home/pi/Documents/ros_ws/build/CMakeFiles/CMakeTmp

Run Build Command:"/usr/bin/make" "cmTC_1d066/fast"
/usr/bin/make -f CMakeFiles/cmTC_1d066.dir/build.make CMakeFiles/cmTC_1d066.dir/build
make[1] : on entre dans le répertoire « /home/pi/Documents/ros_ws/build/CMakeFiles/CMakeTmp »
Building C object CMakeFiles/cmTC_1d066.dir/CheckFunctionExists.c.o
/usr/bin/cc    -DCHECK_FUNCTION_EXISTS=pthread_create   -o CMakeFiles/cmTC_1d066.dir/CheckFunctionExists.c.o   -c /usr/share/cmake-3.7/Modules/CheckFunctionExists.c
Linking C executable cmTC_1d066
/usr/bin/cmake -E cmake_link_script CMakeFiles/cmTC_1d066.dir/link.txt --verbose=1
/usr/bin/cc   -DCHECK_FUNCTION_EXISTS=pthread_create    CMakeFiles/cmTC_1d066.dir/CheckFunctionExists.c.o  -o cmTC_1d066 -rdynamic -lpthreads 
/usr/bin/ld : ne peut trouver -lpthreads
collect2: error: ld returned 1 exit status
CMakeFiles/cmTC_1d066.dir/build.make:97 : la recette pour la cible « cmTC_1d066 » a échouée
make[1]: *** [cmTC_1d066] Erreur 1
make[1] : on quitte le répertoire « /home/pi/Documents/ros_ws/build/CMakeFiles/CMakeTmp »
Makefile:126 : la recette pour la cible « cmTC_1d066/fast » a échouée
make: *** [cmTC_1d066/fast] Erreur 2


